<?xml version="1.0" encoding="UTF-8"?>
<coverage generated="1776875784263" clover="3.2.0">
  <project timestamp="1776875784263" name="All files">
    <metrics statements="9" coveredstatements="9" conditionals="6" coveredconditionals="6" methods="3" coveredmethods="3" elements="18" coveredelements="18" complexity="0" loc="9" ncloc="9" packages="1" files="1" classes="1"/>
    <file name="quiz.js" path="C:\quizwebapp\quiz.js">
      <metrics statements="9" coveredstatements="9" conditionals="6" coveredconditionals="6" methods="3" coveredmethods="3"/>
      <line num="2" count="3" type="stmt"/>
      <line num="6" count="5" type="stmt"/>
      <line num="7" count="5" type="stmt"/>
      <line num="8" count="11" type="cond" truecount="2" falsecount="0"/>
      <line num="9" count="7" type="stmt"/>
      <line num="12" count="5" type="stmt"/>
      <line num="16" count="3" type="cond" truecount="4" falsecount="0"/>
      <line num="17" count="1" type="stmt"/>
      <line num="20" count="1" type="stmt"/>
    </file>
  </project>
</coverage>
