{"C:\\cygwin64\\home\\User\\quizwebapp\\quiz.js": {"path":"C:\\cygwin64\\home\\User\\quizwebapp\\quiz.js","statementMap":{"0":{"start":{"line":4,"column":2},"end":{"line":4,"column":26}},"1":{"start":{"line":8,"column":14},"end":{"line":8,"column":15}},"2":{"start":{"line":9,"column":2},"end":{"line":13,"column":3}},"3":{"start":{"line":9,"column":15},"end":{"line":9,"column":16}},"4":{"start":{"line":10,"column":4},"end":{"line":12,"column":5}},"5":{"start":{"line":11,"column":6},"end":{"line":11,"column":14}},"6":{"start":{"line":14,"column":2},"end":{"line":14,"column":15}},"7":{"start":{"line":18,"column":2},"end":{"line":18,"column":58}},"8":{"start":{"line":18,"column":46},"end":{"line":18,"column":58}},"9":{"start":{"line":19,"column":2},"end":{"line":19,"column":26}},"10":{"start":{"line":22,"column":0},"end":{"line":26,"column":2}}},"fnMap":{"0":{"name":"checkAnswer","decl":{"start":{"line":3,"column":9},"end":{"line":3,"column":20}},"loc":{"start":{"line":3,"column":36},"end":{"line":5,"column":1}},"line":3},"1":{"name":"calculateScore","decl":{"start":{"line":7,"column":9},"end":{"line":7,"column":23}},"loc":{"start":{"line":7,"column":49},"end":{"line":15,"column":1}},"line":7},"2":{"name":"getQuestion","decl":{"start":{"line":17,"column":9},"end":{"line":17,"column":20}},"loc":{"start":{"line":17,"column":39},"end":{"line":20,"column":1}},"line":17}},"branchMap":{"0":{"loc":{"start":{"line":10,"column":4},"end":{"line":12,"column":5}},"type":"if","locations":[{"start":{"line":10,"column":4},"end":{"line":12,"column":5}},{"start":{},"end":{}}],"line":10},"1":{"loc":{"start":{"line":18,"column":2},"end":{"line":18,"column":58}},"type":"if","locations":[{"start":{"line":18,"column":2},"end":{"line":18,"column":58}},{"start":{},"end":{}}],"line":18},"2":{"loc":{"start":{"line":18,"column":6},"end":{"line":18,"column":44}},"type":"binary-expr","locations":[{"start":{"line":18,"column":6},"end":{"line":18,"column":15}},{"start":{"line":18,"column":19},"end":{"line":18,"column":44}}],"line":18}},"s":{"0":3,"1":4,"2":4,"3":4,"4":11,"5":7,"6":4,"7":4,"8":3,"9":1,"10":1},"f":{"0":3,"1":4,"2":4},"b":{"0":[7,4],"1":[3,1],"2":[4,3]},"_coverageSchema":"1a1c01bbd47fc00a2c39e90264f33305004495a9","hash":"5ce6db8ed38616d8ad3219f87e3cc1467f885ae5"}
}
